<?xml version="1.0" encoding="UTF-8"?>
<testng-results ignored="0" total="2" passed="2" failed="0" skipped="0">
  <reporter-output>
  </reporter-output>
  <suite started-at="2024-12-31T21:55:39 GMT-04:00" name="MasterTestSuite" finished-at="2024-12-31T21:56:04 GMT-04:00" duration-ms="24662">
    <groups>
      <group name="Master">
        <method signature="TC001_AccountRegistrationTest.verifyRegistrationTest()[pri:0, instance:testCases.TC001_AccountRegistrationTest@12359a82]" name="verifyRegistrationTest" class="testCases.TC001_AccountRegistrationTest"/>
        <method signature="TC002_LoginTest.verifyLogInTest()[pri:0, instance:testCases.TC002_LoginTest@3f91b517]" name="verifyLogInTest" class="testCases.TC002_LoginTest"/>
      </group> <!-- Master -->
      <group name="Sanity">
        <method signature="TC002_LoginTest.verifyLogInTest()[pri:0, instance:testCases.TC002_LoginTest@3f91b517]" name="verifyLogInTest" class="testCases.TC002_LoginTest"/>
      </group> <!-- Sanity -->
      <group name="Regression">
        <method signature="TC001_AccountRegistrationTest.verifyRegistrationTest()[pri:0, instance:testCases.TC001_AccountRegistrationTest@12359a82]" name="verifyRegistrationTest" class="testCases.TC001_AccountRegistrationTest"/>
      </group> <!-- Regression -->
    </groups>
    <test started-at="2024-12-31T21:55:39 GMT-04:00" name="chromeTest" finished-at="2024-12-31T21:56:04 GMT-04:00" duration-ms="24662">
      <class name="testCases.TC002_LoginTest">
        <test-method is-config="true" signature="setUp(java.lang.String,java.lang.String)[pri:0, instance:testCases.TC002_LoginTest@3f91b517]" started-at="2024-12-31T21:55:49 GMT-04:00" name="setUp" finished-at="2024-12-31T21:55:53 GMT-04:00" duration-ms="4044" status="PASS">
          <params>
            <param index="0">
              <value>
                <![CDATA[mac]]>
              </value>
            </param>
            <param index="1">
              <value>
                <![CDATA[chrome]]>
              </value>
            </param>
          </params>
          <reporter-output>
          </reporter-output>
        </test-method> <!-- setUp -->
        <test-method signature="verifyLogInTest()[pri:0, instance:testCases.TC002_LoginTest@3f91b517]" started-at="2024-12-31T21:55:53 GMT-04:00" name="verifyLogInTest" finished-at="2024-12-31T21:56:04 GMT-04:00" duration-ms="10358" status="PASS">
          <reporter-output>
          </reporter-output>
        </test-method> <!-- verifyLogInTest -->
        <test-method is-config="true" signature="tearDown()[pri:0, instance:testCases.TC002_LoginTest@3f91b517]" started-at="2024-12-31T21:56:04 GMT-04:00" name="tearDown" finished-at="2024-12-31T21:56:04 GMT-04:00" duration-ms="300" status="PASS">
          <reporter-output>
          </reporter-output>
        </test-method> <!-- tearDown -->
      </class> <!-- testCases.TC002_LoginTest -->
      <class name="testCases.TC001_AccountRegistrationTest">
        <test-method is-config="true" signature="setUp(java.lang.String,java.lang.String)[pri:0, instance:testCases.TC001_AccountRegistrationTest@12359a82]" started-at="2024-12-31T21:55:40 GMT-04:00" name="setUp" finished-at="2024-12-31T21:55:44 GMT-04:00" duration-ms="4642" status="PASS">
          <params>
            <param index="0">
              <value>
                <![CDATA[mac]]>
              </value>
            </param>
            <param index="1">
              <value>
                <![CDATA[chrome]]>
              </value>
            </param>
          </params>
          <reporter-output>
          </reporter-output>
        </test-method> <!-- setUp -->
        <test-method signature="verifyRegistrationTest()[pri:0, instance:testCases.TC001_AccountRegistrationTest@12359a82]" started-at="2024-12-31T21:55:44 GMT-04:00" name="verifyRegistrationTest" finished-at="2024-12-31T21:55:49 GMT-04:00" duration-ms="4776" status="PASS">
          <reporter-output>
          </reporter-output>
        </test-method> <!-- verifyRegistrationTest -->
        <test-method is-config="true" signature="tearDown()[pri:0, instance:testCases.TC001_AccountRegistrationTest@12359a82]" started-at="2024-12-31T21:55:49 GMT-04:00" name="tearDown" finished-at="2024-12-31T21:55:49 GMT-04:00" duration-ms="249" status="PASS">
          <reporter-output>
          </reporter-output>
        </test-method> <!-- tearDown -->
      </class> <!-- testCases.TC001_AccountRegistrationTest -->
    </test> <!-- chromeTest -->
  </suite> <!-- MasterTestSuite -->
</testng-results>
